[2022-08-15 09:17:11.204] [main] [INFO ] [cn.korostudio.brailletojson.main.Main] - System Loading.
[2022-08-15 09:17:11.213] [main] [INFO ] [cn.korostudio.brailletojson.main.Main] - Init Flatlaf.
[2022-08-15 09:17:11.874] [main] [INFO ] [cn.korostudio.brailletojson.main.Main] - Load JavaFX Application.
[2022-08-15 09:18:02.035] [JavaFX Application Thread] [INFO ] [cn.korostudio.brailletojson.view.main.MainView] - java.awt.Font[family=Agency FB,name=Agency FB,style=plain,size=28]
[2022-08-15 09:18:16.441] [JavaFX Application Thread] [INFO ] [cn.korostudio.brailletojson.view.main.MainView] - java.awt.Font[family=华文中宋,name=华文中宋,style=plain,size=28]
[2022-08-15 09:18:38.532] [JavaFX Application Thread] [INFO ] [cn.korostudio.brailletojson.view.main.MainView] - java.awt.Font[family=华文中宋,name=华文中宋,style=bold,size=28]
[2022-08-15 09:18:56.353] [JavaFX Application Thread] [INFO ] [cn.korostudio.brailletojson.view.main.MainView] - java.awt.Font[family=华文中宋,name=华文中宋,style=bold,size=36]
[2022-08-15 09:19:15.372] [JavaFX Application Thread] [INFO ] [cn.korostudio.brailletojson.view.main.MainView] - java.awt.Font[family=华文中宋,name=华文中宋,style=bold,size=72]
[2022-08-15 09:20:53.467] [main] [INFO ] [cn.korostudio.brailletojson.main.Main] - System Loading.
[2022-08-15 09:20:53.474] [main] [INFO ] [cn.korostudio.brailletojson.main.Main] - Init Flatlaf.
[2022-08-15 09:20:54.070] [main] [INFO ] [cn.korostudio.brailletojson.main.Main] - Load JavaFX Application.
[2022-08-15 09:21:16.653] [JavaFX Application Thread] [INFO ] [cn.korostudio.brailletojson.view.main.MainView] - java.awt.Font[family=华文中宋,name=华文中宋,style=italic,size=36]
[2022-08-15 09:21:44.049] [JavaFX Application Thread] [INFO ] [cn.korostudio.brailletojson.view.main.MainView] - java.awt.Font[family=华文中宋,name=华文中宋,style=plain,size=36]
[2022-08-15 09:27:13.477] [main] [INFO ] [cn.korostudio.brailletojson.main.Main] - System Loading.
[2022-08-15 09:27:13.482] [main] [INFO ] [cn.korostudio.brailletojson.main.Main] - Init Flatlaf.
[2022-08-15 09:27:14.033] [main] [INFO ] [cn.korostudio.brailletojson.main.Main] - Load JavaFX Application.
[2022-08-15 09:27:36.968] [JavaFX Application Thread] [INFO ] [cn.korostudio.brailletojson.view.main.MainView] - java.awt.Font[family=华文仿宋,name=华文仿宋,style=plain,size=48]
[2022-08-15 09:29:26.618] [main] [INFO ] [cn.korostudio.brailletojson.main.Main] - System Loading.
[2022-08-15 09:29:26.624] [main] [INFO ] [cn.korostudio.brailletojson.main.Main] - Init Flatlaf.
[2022-08-15 09:29:27.177] [main] [INFO ] [cn.korostudio.brailletojson.main.Main] - Load JavaFX Application.
[2022-08-15 09:29:46.658] [JavaFX Application Thread] [INFO ] [cn.korostudio.brailletojson.view.main.MainView] - java.awt.Font[family=华文仿宋,name=华文仿宋,style=plain,size=36]
[2022-08-15 09:30:54.981] [main] [INFO ] [cn.korostudio.brailletojson.main.Main] - System Loading.
[2022-08-15 09:30:54.990] [main] [INFO ] [cn.korostudio.brailletojson.main.Main] - Init Flatlaf.
[2022-08-15 09:30:55.546] [main] [INFO ] [cn.korostudio.brailletojson.main.Main] - Load JavaFX Application.
[2022-08-15 09:31:17.544] [JavaFX Application Thread] [INFO ] [cn.korostudio.brailletojson.view.main.MainView] - java.awt.Font[family=华文仿宋,name=华文仿宋,style=bold,size=36]
[2022-08-15 09:33:20.418] [main] [INFO ] [cn.korostudio.brailletojson.main.Main] - System Loading.
[2022-08-15 09:33:20.423] [main] [INFO ] [cn.korostudio.brailletojson.main.Main] - Init Flatlaf.
[2022-08-15 09:33:20.948] [main] [INFO ] [cn.korostudio.brailletojson.main.Main] - Load JavaFX Application.
[2022-08-15 09:33:41.587] [JavaFX Application Thread] [INFO ] [cn.korostudio.brailletojson.view.main.MainView] - java.awt.Font[family=华文宋体,name=华文宋体,style=bold,size=36]
[2022-08-15 09:34:35.898] [main] [INFO ] [cn.korostudio.brailletojson.main.Main] - System Loading.
[2022-08-15 09:34:35.904] [main] [INFO ] [cn.korostudio.brailletojson.main.Main] - Init Flatlaf.
[2022-08-15 09:34:36.570] [main] [INFO ] [cn.korostudio.brailletojson.main.Main] - Load JavaFX Application.
[2022-08-15 09:36:12.749] [JavaFX Application Thread] [INFO ] [cn.korostudio.brailletojson.view.main.MainView] - java.awt.Font[family=华文仿宋,name=华文仿宋,style=plain,size=36]
[2022-08-15 15:09:59.746] [main] [INFO ] [cn.korostudio.brailletojson.main.Main] - System Loading.
[2022-08-15 15:09:59.752] [main] [INFO ] [cn.korostudio.brailletojson.main.Main] - Init Flatlaf.
[2022-08-15 15:10:00.361] [main] [INFO ] [cn.korostudio.brailletojson.main.Main] - Load JavaFX Application.
[2022-08-15 15:10:19.425] [JavaFX Application Thread] [INFO ] [cn.korostudio.brailletojson.view.main.MainView] - java.awt.Font[family=华文中宋,name=华文中宋,style=plain,size=48]
[2022-08-15 15:11:30.652] [JavaFX Application Thread] [INFO ] [cn.korostudio.brailletojson.view.main.MainView] - java.awt.Font[family=华文楷体,name=华文楷体,style=bold,size=100]
[2022-08-15 15:21:45.829] [main] [INFO ] [cn.korostudio.brailletojson.main.Main] - System Loading.
[2022-08-15 15:21:45.834] [main] [INFO ] [cn.korostudio.brailletojson.main.Main] - Init Flatlaf.
[2022-08-15 15:21:46.306] [main] [INFO ] [cn.korostudio.brailletojson.main.Main] - Load JavaFX Application.
[2022-08-15 15:21:59.084] [JavaFX Application Thread] [INFO ] [cn.korostudio.brailletojson.view.main.MainView] - java.awt.Font[family=华文细黑,name=华文细黑,style=plain,size=28]
[2022-08-15 15:22:21.003] [JavaFX Application Thread] [INFO ] [cn.korostudio.brailletojson.view.main.MainView] - java.awt.Font[family=华文楷体,name=华文楷体,style=plain,size=36]
[2022-08-15 15:26:35.908] [JavaFX Application Thread] [INFO ] [cn.korostudio.brailletojson.view.main.MainView] - java.awt.Font[family=华文楷体,name=华文楷体,style=plain,size=72]
[2022-08-15 15:26:42.616] [JavaFX Application Thread] [INFO ] [cn.korostudio.brailletojson.view.main.MainView] - java.awt.Font[family=华文楷体,name=华文楷体,style=bold,size=72]
[2022-08-15 16:38:41.185] [main] [INFO ] [cn.korostudio.brailletojson.main.Main] - System Loading.
[2022-08-15 16:38:41.194] [main] [INFO ] [cn.korostudio.brailletojson.main.Main] - Init Flatlaf.
[2022-08-15 16:38:41.923] [main] [INFO ] [cn.korostudio.brailletojson.main.Main] - Load JavaFX Application.
[2022-08-15 16:39:02.193] [JavaFX Application Thread] [INFO ] [cn.korostudio.brailletojson.view.main.MainView] - java.awt.Font[family=幼圆,name=幼圆,style=plain,size=28]
[2022-08-15 16:41:25.930] [main] [INFO ] [cn.korostudio.brailletojson.main.Main] - System Loading.
[2022-08-15 16:41:25.938] [main] [INFO ] [cn.korostudio.brailletojson.main.Main] - Init Flatlaf.
[2022-08-15 16:41:26.736] [main] [INFO ] [cn.korostudio.brailletojson.main.Main] - Load JavaFX Application.
[2022-08-15 16:41:39.473] [JavaFX Application Thread] [INFO ] [cn.korostudio.brailletojson.view.main.MainView] - java.awt.Font[family=Agency FB,name=Agency FB,style=plain,size=28]
[2022-08-15 16:43:39.612] [main] [INFO ] [cn.korostudio.brailletojson.main.Main] - System Loading.
[2022-08-15 16:43:39.619] [main] [INFO ] [cn.korostudio.brailletojson.main.Main] - Init Flatlaf.
[2022-08-15 16:43:40.226] [main] [INFO ] [cn.korostudio.brailletojson.main.Main] - Load JavaFX Application.
[2022-08-15 16:44:14.686] [main] [INFO ] [cn.korostudio.brailletojson.main.Main] - System Loading.
[2022-08-15 16:44:14.695] [main] [INFO ] [cn.korostudio.brailletojson.main.Main] - Init Flatlaf.
[2022-08-15 16:44:15.243] [main] [INFO ] [cn.korostudio.brailletojson.main.Main] - Load JavaFX Application.
[2022-08-15 16:45:40.243] [JavaFX Application Thread] [INFO ] [cn.korostudio.brailletojson.view.main.MainView] - java.awt.Font[family=华文楷体,name=华文楷体,style=plain,size=72]
[2022-08-15 16:45:45.572] [JavaFX Application Thread] [INFO ] [cn.korostudio.brailletojson.view.main.MainView] - Output Fin.
[2022-08-15 16:56:01.355] [JavaFX Application Thread] [INFO ] [cn.korostudio.brailletojson.view.main.MainView] - java.awt.Font[family=华文楷体,name=华文楷体,style=bolditalic,size=72]
[2022-08-15 16:56:06.517] [JavaFX Application Thread] [INFO ] [cn.korostudio.brailletojson.view.main.MainView] - Output Fin.
[2022-08-15 17:03:16.607] [main] [INFO ] [cn.korostudio.brailletojson.main.Main] - System Loading.
[2022-08-15 17:03:16.616] [main] [INFO ] [cn.korostudio.brailletojson.main.Main] - Init Flatlaf.
[2022-08-15 17:03:17.203] [main] [INFO ] [cn.korostudio.brailletojson.main.Main] - Load JavaFX Application.
[2022-08-15 17:03:31.992] [JavaFX Application Thread] [INFO ] [cn.korostudio.brailletojson.view.main.MainView] - java.awt.Font[family=方正姚体,name=方正姚体,style=plain,size=28]
[2022-08-15 17:03:36.359] [JavaFX Application Thread] [INFO ] [cn.korostudio.brailletojson.view.main.MainView] - Output Fin.
[2022-08-15 17:24:44.899] [main] [INFO ] [cn.korostudio.brailletojson.main.Main] - System Loading.
[2022-08-15 17:24:44.906] [main] [INFO ] [cn.korostudio.brailletojson.main.Main] - Init Flatlaf.
[2022-08-15 17:24:45.854] [main] [INFO ] [cn.korostudio.brailletojson.main.Main] - Load JavaFX Application.
[2022-08-15 17:25:19.990] [JavaFX Application Thread] [INFO ] [cn.korostudio.brailletojson.view.main.MainView] - java.awt.Font[family=幼圆,name=幼圆,style=plain,size=72]
[2022-08-15 17:25:25.410] [JavaFX Application Thread] [INFO ] [cn.korostudio.brailletojson.view.main.MainView] - Output Fin.
[2022-08-15 17:26:24.041] [main] [INFO ] [cn.korostudio.brailletojson.main.Main] - System Loading.
[2022-08-15 17:26:24.048] [main] [INFO ] [cn.korostudio.brailletojson.main.Main] - Init Flatlaf.
[2022-08-15 17:26:24.596] [main] [INFO ] [cn.korostudio.brailletojson.main.Main] - Load JavaFX Application.
[2022-08-15 17:27:44.085] [JavaFX Application Thread] [INFO ] [cn.korostudio.brailletojson.view.main.MainView] - java.awt.Font[family=华文隶书,name=华文隶书,style=plain,size=72]
[2022-08-15 17:27:58.860] [JavaFX Application Thread] [INFO ] [cn.korostudio.brailletojson.view.main.MainView] - Output Fin.
[2022-08-15 17:28:56.559] [JavaFX Application Thread] [INFO ] [cn.korostudio.brailletojson.view.main.MainView] - Output Fin.
[2022-08-15 17:29:40.894] [main] [INFO ] [cn.korostudio.brailletojson.main.Main] - System Loading.
[2022-08-15 17:29:40.899] [main] [INFO ] [cn.korostudio.brailletojson.main.Main] - Init Flatlaf.
[2022-08-15 17:29:41.424] [main] [INFO ] [cn.korostudio.brailletojson.main.Main] - Load JavaFX Application.
[2022-08-15 17:30:15.771] [JavaFX Application Thread] [INFO ] [cn.korostudio.brailletojson.view.main.MainView] - java.awt.Font[family=方正姚体,name=方正姚体,style=bold,size=72]
[2022-08-15 17:30:27.182] [JavaFX Application Thread] [INFO ] [cn.korostudio.brailletojson.view.main.MainView] - Output Fin.
[2022-08-15 17:31:05.729] [JavaFX Application Thread] [INFO ] [cn.korostudio.brailletojson.view.main.MainView] - java.awt.Font[family=华文隶书,name=华文隶书,style=plain,size=72]
[2022-08-15 17:31:08.752] [JavaFX Application Thread] [INFO ] [cn.korostudio.brailletojson.view.main.MainView] - Output Fin.
[2022-08-15 17:33:46.800] [JavaFX Application Thread] [INFO ] [cn.korostudio.brailletojson.view.main.MainView] - Output Fin.
[2022-08-15 17:51:04.886] [JavaFX Application Thread] [INFO ] [cn.korostudio.brailletojson.view.main.MainView] - java.awt.Font[family=华文隶书,name=华文隶书,style=plain,size=72]
